<?xml version="1.0" encoding="UTF-8"?>
<!-- Generated by org.testng.reporters.JUnitReportReporter -->
<testsuite hostname="DESKTOP-HT8K5GM" name="com.jenkins.maventest.SmokeTest" tests="1" failures="0" timestamp="5 Jan 2018 14:58:23 GMT" time="8.048" errors="0">
  <testcase name="loginTest" time="8.048" classname="com.jenkins.maventest.SmokeTest"/>
</testsuite> <!-- com.jenkins.maventest.SmokeTest -->
